<function pretty_print at 0x1370070>

****************************************************************************
Exercício 01:
Asdrúbal acabou de receber um prêmio de 25 mil reais e deseja investir o 
dinheiro recebido. Ele deseja aplicar 6 mil reais em CDB, 3 mil reais em 
moeda estrangeira e 16 mil em ações. No entanto, no banco onde Asdrúbal 
pensa em investir só existe as seguintes opções de carteiras: 

opções de investimento Composição em cada quota
Carteira A 2 reais em CDB, 2 reais em moeda estrangeira, 2 reais em ações
Carteira B 1 real em CDB, nada em moeda estrangeira e 2 reais em ações
Carteira C 1 real em CDB, 1 real em moeda estrangeira e 3 reais em ações

(a) Mostre que as carteiras formam uma base do espaço das aplicações.

(b) Descreva a distribuição das aplicações desejada por Asdrúbal na base 
das carteiras.

(c) Quantas quotas de cada carteira Asdrúbal deve adquirir para compor a 
aplicação que deseja?



Resposta Execício 01:
(a) Mostre que as carteiras formam uma base do espaço das aplicações.


Montando matriz das carteiras (A):

Coluna 1: Carteira A
Coluna 2: Carteira B
Coluna 3: Carteira C
Coluna 4: Total das carteiras A, B e C

Linha 1: CDB
Linha 2: Moeda estrangeira
Linha 3: Ações
Linha 4: Montante desejado

Matriz A:
[2, 1, 1,  6000]
[2, 0, 1,  3000]
[2, 2, 3, 16000]
[6, 3, 5, 25000]


Operações 1:
L2 <- L2 - L1
L3 <- L3 - L1
L4 <- L4 - 3*L1

Matriz A após operações 1:
[2,  1, 1,  6000]
[0, -1, 0, -3000]
[0,  1, 2, 10000]
[0,  0, 2,  7000]


Operações 2:
L2 <- L3
L3 <- L2

Matriz A após operações 2:
[2,  1, 1,  6000]
[0,  1, 2, 10000]
[0, -1, 0, -3000]
[0,  0, 2,  7000]


Operações 3:
L1 <- L1 - L2
L3 <- L3 + L2

Matriz A após operações 3:
[2, 0, -1, -4000]
[0, 1,  2, 10000]
[0, 0,  2,  7000]
[0, 0,  2,  7000]


Operações 4:
L1 <- L1 + 0.5 * L3
L2 <- L2 - L3

Matriz A após operações 4:
[2, 0, 0, -500.0]
[0, 1, 0,   3000]
[0, 0, 2,   7000]
[0, 0, 2,   7000]


Operações 5:
L1 <- L1 / 2
L3 <- L3 /2

Matriz A após operações 5:
[1, 0, 0, -250.0]
[0, 1, 0,   3000]
[0, 0, 1,   3500]
[0, 0, 2,   7000]


Portanto, em resposta ao questionamento (a):
As carteiras formam uma base no espaço, já que todas as 
variáveis são independentes.
Ela não formaria uma base no espaço se:
- uma das linhas resultasse zero em todos os lugares,
significando que haveria variáveis dependentes (x = y +1), ou
- se todas as variáveis em uma linha fossem zero e o resultado 
da equação fosse diferente de zero (não haveria cruzamento dos 
planos).


Resposta ao exercício 01:
(b) Descreva a distribuição das aplicações desejada por Asdrúbal na base 
das carteiras.
Conferir com Moacyr ou Asla.


****************************************************************************
2. É verdade que existe um polinômio de grau 3 que passa pelos pontos P1 = (0; 1), P2 = (1; 0), P3 =
(2; 1), P4 = (3; 2)? Como encontrá-lo? Mostre que este problema é equivalente a resolver um sistema
linear. Use um pacote computacional para resolver o sistema e para desenhar um gráfico com os pontos
Pi e este polinômio interpolador.


Resposta Execício 02:


Montando matriz dos ponto Pi (A) para o polinômio:
p(x) = axˆ3 + bxˆ2 + cx + d
a0ˆ3 + b0ˆ2 + c0 + d = 1
a1ˆ3 + b1ˆ2 + c1 + d = 0
a2ˆ3 + b2ˆ2 + c2 + d = 1
a3ˆ3 + b3ˆ2 + c3 + d = 2

Ou,

0 + 0 + 0 + d = 1
a + b + c + d = 0
8a + 4b + 2c + d = 1
27a + 9b + 3c + d = 2


Matriz A:
[ 0, 0, 0, 1, 1]
[ 1, 1, 1, 1, 0]
[ 8, 4, 2, 1, 1]
[27, 9, 3, 1, 2]


Concluimos que d = 1.
Substituimos d por 1 nas equações seguintes e remontamos a matriz.

Nova matriz A:
[ 1, 1, 1, -1]
[ 8, 4, 2,  0]
[27, 9, 3,  1]


Operações 1:
L2 <- L2 - 8 * L1
L3 <- L3 - 27 * L1

Matriz A após operações 1:
[1,   1,   1, -1]
[0,  -4,  -6,  8]
[0, -18, -24, 28]


Operações 2:
L2 <- L2 / -4
L1 <- L1 - L2
L3 <- L3 + 18 * L2

Matriz A após operações 2:
[1, 0, -1/2,  1]
[0, 1,  3/2, -2]
[0, 0,    3, -8]


Operações 3:
L3 <- L3 / 3
L1 <- L1 + L3 * 1/2
L2 <- L2 - L3 * 3/2

Matriz A após operações 3:
[1, 0, 0, -1/3]
[0, 1, 0,    2]
[0, 0, 1, -8/3]


Portanto, os valores de a, b, c e d no polinômio são:
p(x) = -1/3xˆ3 + 2xˆ2 + -8/3x + 1

ATENÇÃO: Este resultado está errado.
Conferir com Moacyr ou Asla.

x: 0.000000, y: 1.000000
x: 1.000000, y: -1.000000
x: 2.000000, y: -5.000000
x: 3.000000, y: -17.000000

****************************************************************************
3. (Trefethen) Considere a matriz B de dimensões 4x4. Sobre ela são aplicadas as 
seguintes operações:
(a) Multiplicar a coluna 1 por 2
(b) Dividir a linha 1 por 3
(c) Adicionar a linha 3 à linha 1
(d) Trocar a coluna 1 com a coluna 4 de lugar
(e) Subtrair a linha 2 das demais linhas
(f) Substituir a coluna 4 pela coluna 3
(g) eliminar a coluna 1 (portanto o número de colunas é reduzido para 3)

i. Escreva o resultado como produto de 8 matrizes
ii. Escreva o resultado novamente como um produto A  B  C (mesmo B do enunciado) 
de três matrizes.


Criando a matriz B 4x4:

Matriz B:
[1, 2, 3, 4]
[2, 3, 4, 5]
[3, 4, 5, 6]
[4, 5, 6, 7]


a) Multiplicar a coluna 1 por 2
Criando a matriz E1:

Matriz E1:
[2, 0, 0, 0]
[0, 1, 0, 0]
[0, 0, 1, 0]
[0, 0, 0, 1]

Matriz B*E1:
[2, 2, 3, 4]
[4, 3, 4, 5]
[6, 4, 5, 6]
[8, 5, 6, 7]


b) Dividir a linha 1 por 3
Criando a matriz E2:

Matriz E2:
[1/3, 0, 0, 0]
[  0, 1, 0, 0]
[  0, 0, 1, 0]
[  0, 0, 0, 1]

Matriz E2*B*E1:
[2/3, 2/3, 1, 4/3]
[  4,   3, 4,   5]
[  6,   4, 5,   6]
[  8,   5, 6,   7]


c) Adicionar a linha 3 à linha 1
Criando a matriz E3:

Matriz E3:
[1, 0, 0, 0]
[0, 1, 0, 0]
[1, 0, 1, 0]
[0, 0, 0, 1]

Matriz E3*E2*B*E1:
[ 2/3,  2/3, 1,  4/3]
[   4,    3, 4,    5]
[20/3, 14/3, 6, 22/3]
[   8,    5, 6,    7]


d) Trocar a coluna 1 com a coluna 4 de lugar
Criando a matriz E4:

Matriz E4:
[0, 0, 0, 1]
[0, 1, 0, 0]
[0, 0, 1, 0]
[1, 0, 0, 0]

Matriz E3*E2*B*E1*E4:
[ 4/3,  2/3, 1,  2/3]
[   5,    3, 4,    4]
[22/3, 14/3, 6, 20/3]
[   7,    5, 6,    8]


e) Subtrair a linha 2 das demais linhas
Criando a matriz E5:

Matriz E5:
[1, -1, 0, 0]
[0,  1, 0, 0]
[0, -1, 1, 0]
[0, -1, 0, 1]

Matriz E5*E3*E2*B*E1*E4:
[-11/3, -7/3, -3, -10/3]
[    5,    3,  4,     4]
[  7/3,  5/3,  2,   8/3]
[    2,    2,  2,     4]


f) Substituir a coluna 4 pela coluna 3
Criando a matriz E6:

Matriz E6:
[1, 0, 0, 0]
[0, 1, 0, 0]
[0, 0, 1, 1]
[0, 0, 0, 0]

Matriz E5*E3*E2*B*E1*E4*E6:
[-11/3, -7/3, -3, -3]
[    5,    3,  4,  4]
[  7/3,  5/3,  2,  2]
[    2,    2,  2,  2]


g) eliminar a coluna 1 (portanto o número de colunas é reduzido para 3)
Criando a matriz E7:

Matriz E7:
[0, 0, 0]
[1, 0, 0]
[0, 1, 0]
[0, 0, 1]

Matriz E5*E3*E2*B*E1*E4*E6*E7:
[-7/3, -3, -3]
[   3,  4,  4]
[ 5/3,  2,  2]
[   2,  2,  2]


Portanto, quanto ao item i:
i. Escreva o resultado como produto de 8 matrizes
O resultado é:

Matriz E5*E3*E2*B*E1*E4*E6*E7

Sendo as matrizes:

E1:
[2, 0, 0, 0]
[0, 1, 0, 0]
[0, 0, 1, 0]
[0, 0, 0, 1]

E2:
[1/3, 0, 0, 0]
[  0, 1, 0, 0]
[  0, 0, 1, 0]
[  0, 0, 0, 1]

E3:
[1, 0, 0, 0]
[0, 1, 0, 0]
[1, 0, 1, 0]
[0, 0, 0, 1]

E4:
[0, 0, 0, 1]
[0, 1, 0, 0]
[0, 0, 1, 0]
[1, 0, 0, 0]

E5:
[1, -1, 0, 0]
[0,  1, 0, 0]
[0, -1, 1, 0]
[0, -1, 0, 1]

E6:
[1, 0, 0, 0]
[0, 1, 0, 0]
[0, 0, 1, 1]
[0, 0, 0, 0]

E7:
[0, 0, 0]
[1, 0, 0]
[0, 1, 0]
[0, 0, 1]


ii. Escreva o resultado novamente como um produto A  B  C (mesmo 
B do enunciado) de três matrizes.

Para isso multiplicamos cada uma das matrizes de cada lado de B:


Matriz A = E5*E3*E2 e
Matriz B = E1*E4*E6*E7


Portanto,
Matriz A:
[1/3, -1, 0, 0]
[  0,  1, 0, 0]
[1/3, -1, 1, 0]
[  0, -1, 0, 1]
e
Matriz B:
[0, 0, 0]
[1, 0, 0]
[0, 1, 1]
[0, 0, 0] 
